<?xml version="1.0" encoding="UTF-8"?>
<!-- Generated by org.testng.reporters.JUnitReportReporter -->
<testsuite hostname="LAPTOP-9T5F1S0J" failures="0" tests="1" name="test.Demo1" time="0.021" errors="0" timestamp="2021-09-27T00:21:50 IST" skipped="0">
  <testcase classname="test.Demo1" name="demo" time="0.021"/>
  <system-out/>
</testsuite> <!-- test.Demo1 -->
